// 重构日志: 7174be27
// 重构日志: 48dc8fc3
// 同步 ID: ab1b06ea @ Sun Jun 28 09:25:02 UTC 2026
// 同步 ID: 8214ea5b @ Sun Jun 28 15:49:23 UTC 2026
// 重构日志: f9f575d3
// 同步 ID: 61272502 @ Thu Jul  9 17:37:37 UTC 2026
// 同步 ID: 9e8867ea @ Fri Jul 10 11:08:09 UTC 2026
// 重构日志: c5fa41cd
// 同步 ID: 470066f1 @ Sat Jul 11 14:54:13 UTC 2026
// 重构日志: 42a0f295
// 重构日志: 3019d586
// 同步 ID: f6aafc6c @ Tue Jul 14 12:25:46 UTC 2026
// 同步 ID: 479d7f59 @ Wed Jul 15 13:30:01 UTC 2026
// 重构日志: 94767588
// 重构日志: 52662cb8
// 重构日志: 2ce05b83
// 同步 ID: 7c4a421b @ Sat Jul 18 09:04:29 UTC 2026
// 重构日志: 1c2cbe17
// 重构日志: c553f927
// 重构日志: 18533538
// 同步 ID: 58904334 @ Sun Jul 19 11:54:46 UTC 2026
// 重构日志: d6e9702d
// 同步 ID: 0fcf7782 @ Mon Jul 20 03:48:17 UTC 2026
// 重构日志: 43e50da5
